Fri Mar 13 2020 15:58:57 GMT+0530 (India Standard Time):  GET / 
Fri Mar 13 2020 15:58:57 GMT+0530 (India Standard Time):  GET /favicon.ico 
Fri Mar 13 2020 15:58:59 GMT+0530 (India Standard Time):  GET /about 
Fri Mar 13 2020 15:58:59 GMT+0530 (India Standard Time):  GET /mca 
Fri Mar 13 2020 15:59:00 GMT+0530 (India Standard Time):  GET / 
Fri Mar 13 2020 15:59:01 GMT+0530 (India Standard Time):  GET /favicon.ico 
Fri Mar 13 2020 15:59:06 GMT+0530 (India Standard Time):  GET /about 
Fri Mar 13 2020 15:59:07 GMT+0530 (India Standard Time):  GET /contactus 
Fri Mar 13 2020 15:59:09 GMT+0530 (India Standard Time):  GET / 
Fri Mar 13 2020 15:59:10 GMT+0530 (India Standard Time):  GET /about 
Fri Mar 13 2020 15:59:11 GMT+0530 (India Standard Time):  GET /contactus 
Fri Mar 13 2020 15:59:12 GMT+0530 (India Standard Time):  GET / 
Fri Mar 13 2020 16:00:27 GMT+0530 (India Standard Time):  GET / 
Fri Mar 13 2020 16:00:32 GMT+0530 (India Standard Time):  GET /contactus 
Fri Mar 13 2020 16:00:36 GMT+0530 (India Standard Time):  GET / 
Fri Mar 13 2020 16:00:41 GMT+0530 (India Standard Time):  GET / 
Fri Mar 13 2020 16:00:48 GMT+0530 (India Standard Time):  GET /about 
Fri Mar 13 2020 16:00:51 GMT+0530 (India Standard Time):  GET / 
Fri Mar 13 2020 16:01:51 GMT+0530 (India Standard Time):  GET / 
Fri Mar 13 2020 16:02:01 GMT+0530 (India Standard Time):  GET / 
Fri Mar 13 2020 16:02:05 GMT+0530 (India Standard Time):  GET /about 
Fri Mar 13 2020 16:02:09 GMT+0530 (India Standard Time):  GET /contactus 
Fri Mar 13 2020 16:25:53 GMT+0530 (India Standard Time):  GET /about 
Fri Mar 13 2020 16:25:54 GMT+0530 (India Standard Time):  GET /contactus 
Fri Mar 13 2020 16:26:00 GMT+0530 (India Standard Time):  GET / 
Fri Mar 13 2020 16:39:30 GMT+0530 (India Standard Time):  GET / 
Fri Mar 13 2020 16:39:39 GMT+0530 (India Standard Time):  GET /hobbies 
Fri Mar 13 2020 16:39:39 GMT+0530 (India Standard Time):  GET /academic 
Fri Mar 13 2020 16:39:46 GMT+0530 (India Standard Time):  GET /about 
Fri Mar 13 2020 16:39:48 GMT+0530 (India Standard Time):  GET /c 
Fri Mar 13 2020 16:39:48 GMT+0530 (India Standard Time):  GET /contactus 
Fri Mar 13 2020 16:39:50 GMT+0530 (India Standard Time):  GET /contactus 
